This file contains any messages produced by compilers while
running configure, to aid debugging if configure makes a mistake.

It was created by configure, which was
generated by GNU Autoconf 2.68.  Invocation command line was

  $ ./configure --no-create --no-recursion

## --------- ##
## Platform. ##
## --------- ##

hostname = pirlouit
uname -m = x86_64
uname -r = 3.2.0-24-generic
uname -s = Linux
uname -v = #37-Ubuntu SMP Wed Apr 25 08:43:22 UTC 2012

/usr/bin/uname -p = unknown
/bin/uname -X     = unknown

/bin/arch              = unknown
/usr/bin/arch -k       = unknown
/usr/convex/getsysinfo = unknown
/usr/bin/hostinfo      = unknown
/bin/machine           = unknown
/usr/bin/oslevel       = unknown
/bin/universe          = unknown

PATH: /home/louis/bin
PATH: /usr/lib/lightdm/lightdm
PATH: /usr/local/sbin
PATH: /usr/local/bin
PATH: /usr/sbin
PATH: /usr/bin
PATH: /sbin
PATH: /bin
PATH: /usr/games


## ----------- ##
## Core tests. ##
## ----------- ##

configure:2620: checking build system type
configure:2634: result: x86_64-unknown-linux-gnu
configure:2654: checking host system type
configure:2667: result: x86_64-unknown-linux-gnu
configure:2687: checking target system type
configure:2700: result: x86_64-unknown-linux-gnu
configure:2733: checking for git
configure:2751: found /usr/bin/git
configure:2763: result: /usr/bin/git
configure:2773: checking existence of git version control directory
configure:2806: result: not found
configure:2837: GNU Radio Release 3.3.0
configure:2860: checking for a BSD-compatible install
configure:2928: result: /usr/bin/install -c
configure:2939: checking whether build environment is sane
configure:2989: result: yes
configure:3130: checking for a thread-safe mkdir -p
configure:3169: result: /bin/mkdir -p
configure:3182: checking for gawk
configure:3212: result: no
configure:3182: checking for mawk
configure:3198: found /usr/bin/mawk
configure:3209: result: mawk
configure:3220: checking whether make sets $(MAKE)
configure:3242: result: yes
configure:3317: checking how to create a ustar tar archive
configure:3330: tar --version
tar (GNU tar) 1.26
Copyright (C) 2011 Free Software Foundation, Inc.
License GPLv3+: GNU GPL version 3 or later <http://gnu.org/licenses/gpl.html>.
This is free software: you are free to change and redistribute it.
There is NO WARRANTY, to the extent permitted by law.

Written by John Gilmore and Jay Fenlason.
configure:3333: $? = 0
configure:3373: tardir=conftest.dir && eval tar --format=ustar -chf - "$tardir" >conftest.tar
configure:3376: $? = 0
configure:3380: tar -xf - <conftest.tar
configure:3383: $? = 0
configure:3396: result: gnutar
configure:3429: checking for style of include used by make
configure:3457: result: GNU
configure:3527: checking for gcc
configure:3543: found /usr/bin/gcc
configure:3554: result: gcc
configure:3783: checking for C compiler version
configure:3792: gcc --version >&5
gcc-4.6.real (Ubuntu/Linaro 4.6.3-1ubuntu5) 4.6.3
Copyright (C) 2011 Free Software Foundation, Inc.
This is free software; see the source for copying conditions.  There is NO
warranty; not even for MERCHANTABILITY or FITNESS FOR A PARTICULAR PURPOSE.

configure:3803: $? = 0
configure:3792: gcc -v >&5
Using built-in specs.
COLLECT_GCC=/usr/bin/gcc-4.6.real
COLLECT_LTO_WRAPPER=/usr/lib/gcc/x86_64-linux-gnu/4.6/lto-wrapper
Target: x86_64-linux-gnu
Configured with: ../src/configure -v --with-pkgversion='Ubuntu/Linaro 4.6.3-1ubuntu5' --with-bugurl=file:///usr/share/doc/gcc-4.6/README.Bugs --enable-languages=c,c++,fortran,objc,obj-c++ --prefix=/usr --program-suffix=-4.6 --enable-shared --enable-linker-build-id --with-system-zlib --libexecdir=/usr/lib --without-included-gettext --enable-threads=posix --with-gxx-include-dir=/usr/include/c++/4.6 --libdir=/usr/lib --enable-nls --with-sysroot=/ --enable-clocale=gnu --enable-libstdcxx-debug --enable-libstdcxx-time=yes --enable-gnu-unique-object --enable-plugin --enable-objc-gc --disable-werror --with-arch-32=i686 --with-tune=generic --enable-checking=release --build=x86_64-linux-gnu --host=x86_64-linux-gnu --target=x86_64-linux-gnu
Thread model: posix
gcc version 4.6.3 (Ubuntu/Linaro 4.6.3-1ubuntu5) 
configure:3803: $? = 0
configure:3792: gcc -V >&5
gcc-4.6.real: error: unrecognized option '-V'
gcc-4.6.real: fatal error: no input files
compilation terminated.
configure:3803: $? = 4
configure:3792: gcc -qversion >&5
gcc-4.6.real: error: unrecognized option '-qversion'
gcc-4.6.real: fatal error: no input files
compilation terminated.
configure:3803: $? = 4
configure:3823: checking whether the C compiler works
configure:3845: gcc    conftest.c  >&5
configure:3849: $? = 0
configure:3897: result: yes
configure:3900: checking for C compiler default output file name
configure:3902: result: a.out
configure:3908: checking for suffix of executables
configure:3915: gcc -o conftest    conftest.c  >&5
configure:3919: $? = 0
configure:3941: result: 
configure:3963: checking whether we are cross compiling
configure:3971: gcc -o conftest    conftest.c  >&5
configure:3975: $? = 0
configure:3982: ./conftest
configure:3986: $? = 0
configure:4001: result: no
configure:4006: checking for suffix of object files
configure:4028: gcc -c   conftest.c >&5
configure:4032: $? = 0
configure:4053: result: o
configure:4057: checking whether we are using the GNU C compiler
configure:4076: gcc -c   conftest.c >&5
configure:4076: $? = 0
configure:4085: result: yes
configure:4094: checking whether gcc accepts -g
configure:4114: gcc -c -g  conftest.c >&5
configure:4114: $? = 0
configure:4155: result: yes
configure:4172: checking for gcc option to accept ISO C89
configure:4236: gcc  -c -g -O2  conftest.c >&5
configure:4236: $? = 0
configure:4249: result: none needed
configure:4271: checking dependency style of gcc
configure:4381: result: gcc3
configure:4401: checking how to run the C preprocessor
configure:4432: gcc -E  conftest.c
configure:4432: $? = 0
configure:4446: gcc -E  conftest.c
conftest.c:11:28: fatal error: ac_nonexistent.h: No such file or directory
compilation terminated.
configure:4446: $? = 1
configure: failed program was:
| /* confdefs.h */
| #define PACKAGE_NAME ""
| #define PACKAGE_TARNAME ""
| #define PACKAGE_VERSION ""
| #define PACKAGE_STRING ""
| #define PACKAGE_BUGREPORT ""
| #define PACKAGE_URL ""
| #define PACKAGE "gr-howto-write-a-block"
| #define VERSION "3.3.0"
| /* end confdefs.h.  */
| #include <ac_nonexistent.h>
configure:4471: result: gcc -E
configure:4491: gcc -E  conftest.c
configure:4491: $? = 0
configure:4505: gcc -E  conftest.c
conftest.c:11:28: fatal error: ac_nonexistent.h: No such file or directory
compilation terminated.
configure:4505: $? = 1
configure: failed program was:
| /* confdefs.h */
| #define PACKAGE_NAME ""
| #define PACKAGE_TARNAME ""
| #define PACKAGE_VERSION ""
| #define PACKAGE_STRING ""
| #define PACKAGE_BUGREPORT ""
| #define PACKAGE_URL ""
| #define PACKAGE "gr-howto-write-a-block"
| #define VERSION "3.3.0"
| /* end confdefs.h.  */
| #include <ac_nonexistent.h>
configure:4535: checking for grep that handles long lines and -e
configure:4593: result: /bin/grep
configure:4598: checking for egrep
configure:4660: result: /bin/grep -E
configure:4665: checking for ANSI C header files
configure:4685: gcc -c -g -O2  conftest.c >&5
configure:4685: $? = 0
configure:4758: gcc -o conftest -g -O2   conftest.c  >&5
configure:4758: $? = 0
configure:4758: ./conftest
configure:4758: $? = 0
configure:4769: result: yes
configure:4782: checking for sys/types.h
configure:4782: gcc -c -g -O2  conftest.c >&5
configure:4782: $? = 0
configure:4782: result: yes
configure:4782: checking for sys/stat.h
configure:4782: gcc -c -g -O2  conftest.c >&5
configure:4782: $? = 0
configure:4782: result: yes
configure:4782: checking for stdlib.h
configure:4782: gcc -c -g -O2  conftest.c >&5
configure:4782: $? = 0
configure:4782: result: yes
configure:4782: checking for string.h
configure:4782: gcc -c -g -O2  conftest.c >&5
configure:4782: $? = 0
configure:4782: result: yes
configure:4782: checking for memory.h
configure:4782: gcc -c -g -O2  conftest.c >&5
configure:4782: $? = 0
configure:4782: result: yes
configure:4782: checking for strings.h
configure:4782: gcc -c -g -O2  conftest.c >&5
configure:4782: $? = 0
configure:4782: result: yes
configure:4782: checking for inttypes.h
configure:4782: gcc -c -g -O2  conftest.c >&5
configure:4782: $? = 0
configure:4782: result: yes
configure:4782: checking for stdint.h
configure:4782: gcc -c -g -O2  conftest.c >&5
configure:4782: $? = 0
configure:4782: result: yes
configure:4782: checking for unistd.h
configure:4782: gcc -c -g -O2  conftest.c >&5
configure:4782: $? = 0
configure:4782: result: yes
configure:4795: checking minix/config.h usability
configure:4795: gcc -c -g -O2  conftest.c >&5
conftest.c:54:26: fatal error: minix/config.h: No such file or directory
compilation terminated.
configure:4795: $? = 1
configure: failed program was:
| /* confdefs.h */
| #define PACKAGE_NAME ""
| #define PACKAGE_TARNAME ""
| #define PACKAGE_VERSION ""
| #define PACKAGE_STRING ""
| #define PACKAGE_BUGREPORT ""
| #define PACKAGE_URL ""
| #define PACKAGE "gr-howto-write-a-block"
| #define VERSION "3.3.0"
| #define STDC_HEADERS 1
| #define HAVE_SYS_TYPES_H 1
| #define HAVE_SYS_STAT_H 1
| #define HAVE_STDLIB_H 1
| #define HAVE_STRING_H 1
| #define HAVE_MEMORY_H 1
| #define HAVE_STRINGS_H 1
| #define HAVE_INTTYPES_H 1
| #define HAVE_STDINT_H 1
| #define HAVE_UNISTD_H 1
| /* end confdefs.h.  */
| #include <stdio.h>
| #ifdef HAVE_SYS_TYPES_H
| # include <sys/types.h>
| #endif
| #ifdef HAVE_SYS_STAT_H
| # include <sys/stat.h>
| #endif
| #ifdef STDC_HEADERS
| # include <stdlib.h>
| # include <stddef.h>
| #else
| # ifdef HAVE_STDLIB_H
| #  include <stdlib.h>
| # endif
| #endif
| #ifdef HAVE_STRING_H
| # if !defined STDC_HEADERS && defined HAVE_MEMORY_H
| #  include <memory.h>
| # endif
| # include <string.h>
| #endif
| #ifdef HAVE_STRINGS_H
| # include <strings.h>
| #endif
| #ifdef HAVE_INTTYPES_H
| # include <inttypes.h>
| #endif
| #ifdef HAVE_STDINT_H
| # include <stdint.h>
| #endif
| #ifdef HAVE_UNISTD_H
| # include <unistd.h>
| #endif
| #include <minix/config.h>
configure:4795: result: no
configure:4795: checking minix/config.h presence
configure:4795: gcc -E  conftest.c
conftest.c:21:26: fatal error: minix/config.h: No such file or directory
compilation terminated.
configure:4795: $? = 1
configure: failed program was:
| /* confdefs.h */
| #define PACKAGE_NAME ""
| #define PACKAGE_TARNAME ""
| #define PACKAGE_VERSION ""
| #define PACKAGE_STRING ""
| #define PACKAGE_BUGREPORT ""
| #define PACKAGE_URL ""
| #define PACKAGE "gr-howto-write-a-block"
| #define VERSION "3.3.0"
| #define STDC_HEADERS 1
| #define HAVE_SYS_TYPES_H 1
| #define HAVE_SYS_STAT_H 1
| #define HAVE_STDLIB_H 1
| #define HAVE_STRING_H 1
| #define HAVE_MEMORY_H 1
| #define HAVE_STRINGS_H 1
| #define HAVE_INTTYPES_H 1
| #define HAVE_STDINT_H 1
| #define HAVE_UNISTD_H 1
| /* end confdefs.h.  */
| #include <minix/config.h>
configure:4795: result: no
configure:4795: checking for minix/config.h
configure:4795: result: no
configure:4816: checking whether it is safe to define __EXTENSIONS__
configure:4834: gcc -c -g -O2  conftest.c >&5
configure:4834: $? = 0
configure:4841: result: yes
configure:4856: checking for library containing strerror
configure:4887: gcc -o conftest -g -O2   conftest.c  >&5
configure:4887: $? = 0
configure:4904: result: none required
configure:4972: checking for g++
configure:4988: found /usr/bin/g++
configure:4999: result: g++
configure:5026: checking for C++ compiler version
configure:5035: g++ --version >&5
g++-4.6.real (Ubuntu/Linaro 4.6.3-1ubuntu5) 4.6.3
Copyright (C) 2011 Free Software Foundation, Inc.
This is free software; see the source for copying conditions.  There is NO
warranty; not even for MERCHANTABILITY or FITNESS FOR A PARTICULAR PURPOSE.

configure:5046: $? = 0
configure:5035: g++ -v >&5
Using built-in specs.
COLLECT_GCC=/usr/bin/g++-4.6.real
COLLECT_LTO_WRAPPER=/usr/lib/gcc/x86_64-linux-gnu/4.6/lto-wrapper
Target: x86_64-linux-gnu
Configured with: ../src/configure -v --with-pkgversion='Ubuntu/Linaro 4.6.3-1ubuntu5' --with-bugurl=file:///usr/share/doc/gcc-4.6/README.Bugs --enable-languages=c,c++,fortran,objc,obj-c++ --prefix=/usr --program-suffix=-4.6 --enable-shared --enable-linker-build-id --with-system-zlib --libexecdir=/usr/lib --without-included-gettext --enable-threads=posix --with-gxx-include-dir=/usr/include/c++/4.6 --libdir=/usr/lib --enable-nls --with-sysroot=/ --enable-clocale=gnu --enable-libstdcxx-debug --enable-libstdcxx-time=yes --enable-gnu-unique-object --enable-plugin --enable-objc-gc --disable-werror --with-arch-32=i686 --with-tune=generic --enable-checking=release --build=x86_64-linux-gnu --host=x86_64-linux-gnu --target=x86_64-linux-gnu
Thread model: posix
gcc version 4.6.3 (Ubuntu/Linaro 4.6.3-1ubuntu5) 
configure:5046: $? = 0
configure:5035: g++ -V >&5
g++-4.6.real: error: unrecognized option '-V'
g++-4.6.real: fatal error: no input files
compilation terminated.
configure:5046: $? = 4
configure:5035: g++ -qversion >&5
g++-4.6.real: error: unrecognized option '-qversion'
g++-4.6.real: fatal error: no input files
compilation terminated.
configure:5046: $? = 4
configure:5050: checking whether we are using the GNU C++ compiler
configure:5069: g++ -c   conftest.cpp >&5
configure:5069: $? = 0
configure:5078: result: yes
configure:5087: checking whether g++ accepts -g
configure:5107: g++ -c -g  conftest.cpp >&5
configure:5107: $? = 0
configure:5148: result: yes
configure:5173: checking dependency style of g++
configure:5283: result: gcc3
configure:5303: checking how to run the C++ preprocessor
configure:5330: g++ -E  conftest.cpp
configure:5330: $? = 0
configure:5344: g++ -E  conftest.cpp
conftest.cpp:26:28: fatal error: ac_nonexistent.h: No such file or directory
compilation terminated.
configure:5344: $? = 1
configure: failed program was:
| /* confdefs.h */
| #define PACKAGE_NAME ""
| #define PACKAGE_TARNAME ""
| #define PACKAGE_VERSION ""
| #define PACKAGE_STRING ""
| #define PACKAGE_BUGREPORT ""
| #define PACKAGE_URL ""
| #define PACKAGE "gr-howto-write-a-block"
| #define VERSION "3.3.0"
| #define STDC_HEADERS 1
| #define HAVE_SYS_TYPES_H 1
| #define HAVE_SYS_STAT_H 1
| #define HAVE_STDLIB_H 1
| #define HAVE_STRING_H 1
| #define HAVE_MEMORY_H 1
| #define HAVE_STRINGS_H 1
| #define HAVE_INTTYPES_H 1
| #define HAVE_STDINT_H 1
| #define HAVE_UNISTD_H 1
| #define __EXTENSIONS__ 1
| #define _ALL_SOURCE 1
| #define _GNU_SOURCE 1
| #define _POSIX_PTHREAD_SEMANTICS 1
| #define _TANDEM_SOURCE 1
| /* end confdefs.h.  */
| #include <ac_nonexistent.h>
configure:5369: result: g++ -E
configure:5389: g++ -E  conftest.cpp
configure:5389: $? = 0
configure:5403: g++ -E  conftest.cpp
conftest.cpp:26:28: fatal error: ac_nonexistent.h: No such file or directory
compilation terminated.
configure:5403: $? = 1
configure: failed program was:
| /* confdefs.h */
| #define PACKAGE_NAME ""
| #define PACKAGE_TARNAME ""
| #define PACKAGE_VERSION ""
| #define PACKAGE_STRING ""
| #define PACKAGE_BUGREPORT ""
| #define PACKAGE_URL ""
| #define PACKAGE "gr-howto-write-a-block"
| #define VERSION "3.3.0"
| #define STDC_HEADERS 1
| #define HAVE_SYS_TYPES_H 1
| #define HAVE_SYS_STAT_H 1
| #define HAVE_STDLIB_H 1
| #define HAVE_STRING_H 1
| #define HAVE_MEMORY_H 1
| #define HAVE_STRINGS_H 1
| #define HAVE_INTTYPES_H 1
| #define HAVE_STDINT_H 1
| #define HAVE_UNISTD_H 1
| #define __EXTENSIONS__ 1
| #define _ALL_SOURCE 1
| #define _GNU_SOURCE 1
| #define _POSIX_PTHREAD_SEMANTICS 1
| #define _TANDEM_SOURCE 1
| /* end confdefs.h.  */
| #include <ac_nonexistent.h>
configure:5445: checking whether C++ has std::isnan
configure:5460: g++ -c -g -O2  conftest.cpp >&5
configure:5460: $? = 0
configure:5461: result: yes
configure:5484: checking gr_libdir_suffix
configure:5515: result: 64
configure:5519: checking whether to append 64 to libdir
configure:5524: result: yes. Setting libdir to ${exec_prefix}/lib64
configure:5563: checking whether gcc accepts -Wall
configure:5568: result: yes
configure:5563: checking whether gcc accepts -Werror-implicit-function-declaration
configure:5568: result: yes
configure:5585: checking whether g++ accepts -Wall
configure:5590: result: yes
configure:5585: checking whether g++ accepts -Woverloaded-virtual
configure:5590: result: yes
configure:5603: checking whether user wants gprof
configure:5613: result: no
configure:5668: checking whether user wants prof
configure:5678: result: no
configure:5741: checking dependency style of gcc
configure:5849: result: gcc3
configure:5864: checking whether ln -s works
configure:5868: result: yes
configure:5875: checking whether make sets $(MAKE)
configure:5897: result: yes
configure:5909: checking for rm
configure:5927: found /bin/rm
configure:5939: result: /bin/rm
configure:6336: checking for a sed that does not truncate output
configure:6400: result: /bin/sed
configure:6418: checking for fgrep
configure:6480: result: /bin/grep -F
configure:6515: checking for ld used by gcc
configure:6582: result: /usr/bin/ld
configure:6589: checking if the linker (/usr/bin/ld) is GNU ld
configure:6604: result: yes
configure:6616: checking for BSD- or MS-compatible name lister (nm)
configure:6665: result: /usr/bin/nm -B
configure:6783: checking the name lister (/usr/bin/nm -B) interface
configure:6790: gcc -c -g -O2  conftest.c >&5
configure:6793: /usr/bin/nm -B "conftest.o"
configure:6796: output
0000000000000000 B some_variable
configure:6803: result: BSD nm
configure:6807: checking the maximum length of command line arguments
configure:6927: result: 3458764513820540925
configure:6944: checking whether the shell understands some XSI constructs
configure:6954: result: yes
configure:6958: checking whether the shell understands "+="
configure:6964: result: yes
configure:6999: checking for /usr/bin/ld option to reload object files
configure:7006: result: -r
configure:7075: checking for objdump
configure:7102: result: objdump
configure:7131: checking how to recognize dependent libraries
configure:7327: result: pass_all
configure:7387: checking for ar
configure:7403: found /usr/bin/ar
configure:7414: result: ar
configure:7492: checking for strip
configure:7508: found /usr/bin/strip
configure:7519: result: strip
configure:7591: checking for ranlib
configure:7607: found /usr/bin/ranlib
configure:7618: result: ranlib
configure:7708: checking command to parse /usr/bin/nm -B output from gcc object
configure:7826: gcc -c -g -O2  conftest.c >&5
configure:7829: $? = 0
configure:7833: /usr/bin/nm -B conftest.o \| sed -n -e 's/^.*[	 ]\([ABCDGIRSTW][ABCDGIRSTW]*\)[	 ][	 ]*\([_A-Za-z][_A-Za-z0-9]*\)$/\1 \2 \2/p' \> conftest.nm
configure:7836: $? = 0
configure:7890: gcc -o conftest -g -O2   conftest.c conftstm.o >&5
configure:7893: $? = 0
configure:7931: result: ok
configure:8026: gcc -c -g -O2  conftest.c >&5
configure:8029: $? = 0
configure:8736: checking for dlfcn.h
configure:8736: gcc -c -g -O2  conftest.c >&5
configure:8736: $? = 0
configure:8736: result: yes
configure:8861: checking for C++ compiler version
configure:8870: g++ --version >&5
g++-4.6.real (Ubuntu/Linaro 4.6.3-1ubuntu5) 4.6.3
Copyright (C) 2011 Free Software Foundation, Inc.
This is free software; see the source for copying conditions.  There is NO
warranty; not even for MERCHANTABILITY or FITNESS FOR A PARTICULAR PURPOSE.

configure:8881: $? = 0
configure:8870: g++ -v >&5
Using built-in specs.
COLLECT_GCC=/usr/bin/g++-4.6.real
COLLECT_LTO_WRAPPER=/usr/lib/gcc/x86_64-linux-gnu/4.6/lto-wrapper
Target: x86_64-linux-gnu
Configured with: ../src/configure -v --with-pkgversion='Ubuntu/Linaro 4.6.3-1ubuntu5' --with-bugurl=file:///usr/share/doc/gcc-4.6/README.Bugs --enable-languages=c,c++,fortran,objc,obj-c++ --prefix=/usr --program-suffix=-4.6 --enable-shared --enable-linker-build-id --with-system-zlib --libexecdir=/usr/lib --without-included-gettext --enable-threads=posix --with-gxx-include-dir=/usr/include/c++/4.6 --libdir=/usr/lib --enable-nls --with-sysroot=/ --enable-clocale=gnu --enable-libstdcxx-debug --enable-libstdcxx-time=yes --enable-gnu-unique-object --enable-plugin --enable-objc-gc --disable-werror --with-arch-32=i686 --with-tune=generic --enable-checking=release --build=x86_64-linux-gnu --host=x86_64-linux-gnu --target=x86_64-linux-gnu
Thread model: posix
gcc version 4.6.3 (Ubuntu/Linaro 4.6.3-1ubuntu5) 
configure:8881: $? = 0
configure:8870: g++ -V >&5
g++-4.6.real: error: unrecognized option '-V'
g++-4.6.real: fatal error: no input files
compilation terminated.
configure:8881: $? = 4
configure:8870: g++ -qversion >&5
g++-4.6.real: error: unrecognized option '-qversion'
g++-4.6.real: fatal error: no input files
compilation terminated.
configure:8881: $? = 4
configure:8885: checking whether we are using the GNU C++ compiler
configure:8913: result: yes
configure:8922: checking whether g++ accepts -g
configure:8983: result: yes
configure:9008: checking dependency style of g++
configure:9118: result: gcc3
configure:9141: checking how to run the C++ preprocessor
configure:9207: result: g++ -E
configure:9227: g++ -E  conftest.cpp
configure:9227: $? = 0
configure:9241: g++ -E  conftest.cpp
conftest.cpp:28:28: fatal error: ac_nonexistent.h: No such file or directory
compilation terminated.
configure:9241: $? = 1
configure: failed program was:
| /* confdefs.h */
| #define PACKAGE_NAME ""
| #define PACKAGE_TARNAME ""
| #define PACKAGE_VERSION ""
| #define PACKAGE_STRING ""
| #define PACKAGE_BUGREPORT ""
| #define PACKAGE_URL ""
| #define PACKAGE "gr-howto-write-a-block"
| #define VERSION "3.3.0"
| #define STDC_HEADERS 1
| #define HAVE_SYS_TYPES_H 1
| #define HAVE_SYS_STAT_H 1
| #define HAVE_STDLIB_H 1
| #define HAVE_STRING_H 1
| #define HAVE_MEMORY_H 1
| #define HAVE_STRINGS_H 1
| #define HAVE_INTTYPES_H 1
| #define HAVE_STDINT_H 1
| #define HAVE_UNISTD_H 1
| #define __EXTENSIONS__ 1
| #define _ALL_SOURCE 1
| #define _GNU_SOURCE 1
| #define _POSIX_PTHREAD_SEMANTICS 1
| #define _TANDEM_SOURCE 1
| #define CXX_HAS_STD_ISNAN /**/
| #define HAVE_DLFCN_H 1
| /* end confdefs.h.  */
| #include <ac_nonexistent.h>
configure:9384: checking for objdir
configure:9399: result: .libs
configure:9695: checking if gcc supports -fno-rtti -fno-exceptions
configure:9713: gcc -c -g -O2  -fno-rtti -fno-exceptions conftest.c >&5
cc1: warning: command line option '-fno-rtti' is valid for C++/ObjC++ but not for C [enabled by default]
configure:9717: $? = 0
configure:9730: result: no
configure:9750: checking for gcc option to produce PIC
configure:10022: result: -fPIC -DPIC
configure:10034: checking if gcc PIC flag -fPIC -DPIC works
configure:10052: gcc -c -g -O2  -fPIC -DPIC -DPIC conftest.c >&5
configure:10056: $? = 0
configure:10069: result: yes
configure:10093: checking if gcc static flag -static works
configure:10121: result: yes
configure:10136: checking if gcc supports -c -o file.o
configure:10157: gcc -c -g -O2  -o out/conftest2.o conftest.c >&5
configure:10161: $? = 0
configure:10183: result: yes
configure:10191: checking if gcc supports -c -o file.o
configure:10238: result: yes
configure:10271: checking whether the gcc linker (/usr/bin/ld -m elf_x86_64) supports shared libraries
configure:11262: result: yes
configure:11299: checking whether -lc should be explicitly linked in
configure:11304: gcc -c -g -O2  conftest.c >&5
configure:11307: $? = 0
configure:11322: gcc -shared conftest.o  -v -Wl,-soname -Wl,conftest -o conftest 2\>\&1 \| /bin/grep  -lc  \>/dev/null 2\>\&1
configure:11325: $? = 0
configure:11337: result: no
configure:11501: checking dynamic linker characteristics
configure:11934: gcc -o conftest -g -O2   -Wl,-rpath -Wl,/foo conftest.c  >&5
configure:11934: $? = 0
configure:12164: result: GNU/Linux ld.so
configure:12266: checking how to hardcode library paths into programs
configure:12291: result: immediate
configure:12811: checking whether stripping libraries is possible
configure:12816: result: yes
configure:12851: checking if libtool supports shared libraries
configure:12853: result: yes
configure:12856: checking whether to build shared libraries
configure:12877: result: yes
configure:12880: checking whether to build static libraries
configure:12884: result: no
configure:13034: checking for ld used by g++
configure:13101: result: /usr/bin/ld -m elf_x86_64
configure:13108: checking if the linker (/usr/bin/ld -m elf_x86_64) is GNU ld
configure:13123: result: yes
configure:13178: checking whether the g++ linker (/usr/bin/ld -m elf_x86_64) supports shared libraries
configure:14091: result: yes
configure:14119: g++ -c -g -O2  conftest.cpp >&5
configure:14122: $? = 0
configure:14304: checking for g++ option to produce PIC
configure:14621: result: -fPIC -DPIC
configure:14630: checking if g++ PIC flag -fPIC -DPIC works
configure:14648: g++ -c -g -O2  -fPIC -DPIC -DPIC conftest.cpp >&5
configure:14652: $? = 0
configure:14665: result: yes
configure:14686: checking if g++ static flag -static works
configure:14714: result: yes
configure:14726: checking if g++ supports -c -o file.o
configure:14747: g++ -c -g -O2  -o out/conftest2.o conftest.cpp >&5
configure:14751: $? = 0
configure:14773: result: yes
configure:14778: checking if g++ supports -c -o file.o
configure:14825: result: yes
configure:14855: checking whether the g++ linker (/usr/bin/ld -m elf_x86_64) supports shared libraries
configure:14884: result: yes
configure:15021: checking dynamic linker characteristics
configure:15402: g++ -o conftest -g -O2   -Wl,-rpath -Wl,/foo conftest.cpp  >&5
configure:15402: $? = 0
configure:15632: result: GNU/Linux ld.so
configure:15683: checking how to hardcode library paths into programs
configure:15708: result: immediate
configure:15790: checking for python
configure:15808: found /usr/bin/python
configure:15820: result: /usr/bin/python
configure:15841: checking for python version
configure:15848: result: 2.7
configure:15860: checking for python platform
configure:15867: result: linux2
configure:15874: checking for python script directory
configure:15903: result: ${prefix}/lib/python2.7/dist-packages
configure:15912: checking for python extension module directory
configure:15941: result: ${exec_prefix}/lib/python2.7/dist-packages
configure:15986: checking for Python include path
configure:16002: result: /usr/include/python2.7
configure:16016: checking Python.h usability
configure:16016: gcc -c -g -O2  -I/usr/include/python2.7 conftest.c >&5
In file included from /usr/include/python2.7/Python.h:8:0,
                 from conftest.c:62:
/usr/include/python2.7/pyconfig.h:1161:0: warning: "_POSIX_C_SOURCE" redefined [enabled by default]
/usr/include/features.h:164:0: note: this is the location of the previous definition
/usr/include/python2.7/pyconfig.h:1183:0: warning: "_XOPEN_SOURCE" redefined [enabled by default]
/usr/include/features.h:166:0: note: this is the location of the previous definition
configure:16016: $? = 0
configure:16016: result: yes
configure:16016: checking Python.h presence
configure:16016: gcc -E  -I/usr/include/python2.7 conftest.c
configure:16016: $? = 0
configure:16016: result: yes
configure:16016: checking for Python.h
configure:16016: result: yes
configure:16092: checking for swig
configure:16108: found /usr/bin/swig
configure:16119: result: /usr/bin/swig
configure:16131: checking for SWIG version
configure:16135: result: 2.0.4
configure:16170: checking for ANSI C header files
configure:16274: result: yes
configure:16283: checking for an ANSI C-conforming const
configure:16348: gcc -c -g -O2  conftest.c >&5
configure:16348: $? = 0
configure:16355: result: yes
configure:16363: checking for inline
configure:16379: gcc -c -g -O2  conftest.c >&5
configure:16379: $? = 0
configure:16387: result: inline
configure:16405: checking for size_t
configure:16405: gcc -c -g -O2  conftest.c >&5
configure:16405: $? = 0
configure:16405: gcc -c -g -O2  conftest.c >&5
conftest.c: In function 'main':
conftest.c:67:21: error: expected expression before ')' token
configure:16405: $? = 1
configure: failed program was:
| /* confdefs.h */
| #define PACKAGE_NAME ""
| #define PACKAGE_TARNAME ""
| #define PACKAGE_VERSION ""
| #define PACKAGE_STRING ""
| #define PACKAGE_BUGREPORT ""
| #define PACKAGE_URL ""
| #define PACKAGE "gr-howto-write-a-block"
| #define VERSION "3.3.0"
| #define STDC_HEADERS 1
| #define HAVE_SYS_TYPES_H 1
| #define HAVE_SYS_STAT_H 1
| #define HAVE_STDLIB_H 1
| #define HAVE_STRING_H 1
| #define HAVE_MEMORY_H 1
| #define HAVE_STRINGS_H 1
| #define HAVE_INTTYPES_H 1
| #define HAVE_STDINT_H 1
| #define HAVE_UNISTD_H 1
| #define __EXTENSIONS__ 1
| #define _ALL_SOURCE 1
| #define _GNU_SOURCE 1
| #define _POSIX_PTHREAD_SEMANTICS 1
| #define _TANDEM_SOURCE 1
| #define CXX_HAS_STD_ISNAN /**/
| #define HAVE_DLFCN_H 1
| #define LT_OBJDIR ".libs/"
| #define HAVE_PYTHON_H 1
| #define STDC_HEADERS 1
| /* end confdefs.h.  */
| #include <stdio.h>
| #ifdef HAVE_SYS_TYPES_H
| # include <sys/types.h>
| #endif
| #ifdef HAVE_SYS_STAT_H
| # include <sys/stat.h>
| #endif
| #ifdef STDC_HEADERS
| # include <stdlib.h>
| # include <stddef.h>
| #else
| # ifdef HAVE_STDLIB_H
| #  include <stdlib.h>
| # endif
| #endif
| #ifdef HAVE_STRING_H
| # if !defined STDC_HEADERS && defined HAVE_MEMORY_H
| #  include <memory.h>
| # endif
| # include <string.h>
| #endif
| #ifdef HAVE_STRINGS_H
| # include <strings.h>
| #endif
| #ifdef HAVE_INTTYPES_H
| # include <inttypes.h>
| #endif
| #ifdef HAVE_STDINT_H
| # include <stdint.h>
| #endif
| #ifdef HAVE_UNISTD_H
| # include <unistd.h>
| #endif
| int
| main ()
| {
| if (sizeof ((size_t)))
| 	    return 0;
|   ;
|   return 0;
| }
configure:16405: result: yes
configure:16416: checking whether time.h and sys/time.h may both be included
configure:16436: gcc -c -g -O2  conftest.c >&5
configure:16436: $? = 0
configure:16443: result: yes
configure:16451: checking whether byte ordering is bigendian
configure:16466: gcc -c -g -O2  conftest.c >&5
conftest.c:33:9: error: unknown type name 'not'
conftest.c:33:15: error: expected '=', ',', ';', 'asm' or '__attribute__' before 'universal'
conftest.c:33:15: error: unknown type name 'universal'
configure:16466: $? = 1
configure: failed program was:
| /* confdefs.h */
| #define PACKAGE_NAME ""
| #define PACKAGE_TARNAME ""
| #define PACKAGE_VERSION ""
| #define PACKAGE_STRING ""
| #define PACKAGE_BUGREPORT ""
| #define PACKAGE_URL ""
| #define PACKAGE "gr-howto-write-a-block"
| #define VERSION "3.3.0"
| #define STDC_HEADERS 1
| #define HAVE_SYS_TYPES_H 1
| #define HAVE_SYS_STAT_H 1
| #define HAVE_STDLIB_H 1
| #define HAVE_STRING_H 1
| #define HAVE_MEMORY_H 1
| #define HAVE_STRINGS_H 1
| #define HAVE_INTTYPES_H 1
| #define HAVE_STDINT_H 1
| #define HAVE_UNISTD_H 1
| #define __EXTENSIONS__ 1
| #define _ALL_SOURCE 1
| #define _GNU_SOURCE 1
| #define _POSIX_PTHREAD_SEMANTICS 1
| #define _TANDEM_SOURCE 1
| #define CXX_HAS_STD_ISNAN /**/
| #define HAVE_DLFCN_H 1
| #define LT_OBJDIR ".libs/"
| #define HAVE_PYTHON_H 1
| #define STDC_HEADERS 1
| #define TIME_WITH_SYS_TIME 1
| /* end confdefs.h.  */
| #ifndef __APPLE_CC__
| 	       not a universal capable compiler
| 	     #endif
| 	     typedef int dummy;
| 
configure:16511: gcc -c -g -O2  conftest.c >&5
configure:16511: $? = 0
configure:16529: gcc -c -g -O2  conftest.c >&5
conftest.c: In function 'main':
conftest.c:39:4: error: unknown type name 'not'
conftest.c:39:12: error: expected '=', ',', ';', 'asm' or '__attribute__' before 'endian'
configure:16529: $? = 1
configure: failed program was:
| /* confdefs.h */
| #define PACKAGE_NAME ""
| #define PACKAGE_TARNAME ""
| #define PACKAGE_VERSION ""
| #define PACKAGE_STRING ""
| #define PACKAGE_BUGREPORT ""
| #define PACKAGE_URL ""
| #define PACKAGE "gr-howto-write-a-block"
| #define VERSION "3.3.0"
| #define STDC_HEADERS 1
| #define HAVE_SYS_TYPES_H 1
| #define HAVE_SYS_STAT_H 1
| #define HAVE_STDLIB_H 1
| #define HAVE_STRING_H 1
| #define HAVE_MEMORY_H 1
| #define HAVE_STRINGS_H 1
| #define HAVE_INTTYPES_H 1
| #define HAVE_STDINT_H 1
| #define HAVE_UNISTD_H 1
| #define __EXTENSIONS__ 1
| #define _ALL_SOURCE 1
| #define _GNU_SOURCE 1
| #define _POSIX_PTHREAD_SEMANTICS 1
| #define _TANDEM_SOURCE 1
| #define CXX_HAS_STD_ISNAN /**/
| #define HAVE_DLFCN_H 1
| #define LT_OBJDIR ".libs/"
| #define HAVE_PYTHON_H 1
| #define STDC_HEADERS 1
| #define TIME_WITH_SYS_TIME 1
| /* end confdefs.h.  */
| #include <sys/types.h>
| 		#include <sys/param.h>
| 
| int
| main ()
| {
| #if BYTE_ORDER != BIG_ENDIAN
| 		 not big endian
| 		#endif
| 
|   ;
|   return 0;
| }
configure:16657: result: no
configure:16681: checking for sys/types.h
configure:16681: result: yes
configure:16681: checking fcntl.h usability
configure:16681: gcc -c -g -O2  conftest.c >&5
configure:16681: $? = 0
configure:16681: result: yes
configure:16681: checking fcntl.h presence
configure:16681: gcc -E  conftest.c
configure:16681: $? = 0
configure:16681: result: yes
configure:16681: checking for fcntl.h
configure:16681: result: yes
configure:16681: checking io.h usability
configure:16681: gcc -c -g -O2  conftest.c >&5
conftest.c:67:16: fatal error: io.h: No such file or directory
compilation terminated.
configure:16681: $? = 1
configure: failed program was:
| /* confdefs.h */
| #define PACKAGE_NAME ""
| #define PACKAGE_TARNAME ""
| #define PACKAGE_VERSION ""
| #define PACKAGE_STRING ""
| #define PACKAGE_BUGREPORT ""
| #define PACKAGE_URL ""
| #define PACKAGE "gr-howto-write-a-block"
| #define VERSION "3.3.0"
| #define STDC_HEADERS 1
| #define HAVE_SYS_TYPES_H 1
| #define HAVE_SYS_STAT_H 1
| #define HAVE_STDLIB_H 1
| #define HAVE_STRING_H 1
| #define HAVE_MEMORY_H 1
| #define HAVE_STRINGS_H 1
| #define HAVE_INTTYPES_H 1
| #define HAVE_STDINT_H 1
| #define HAVE_UNISTD_H 1
| #define __EXTENSIONS__ 1
| #define _ALL_SOURCE 1
| #define _GNU_SOURCE 1
| #define _POSIX_PTHREAD_SEMANTICS 1
| #define _TANDEM_SOURCE 1
| #define CXX_HAS_STD_ISNAN /**/
| #define HAVE_DLFCN_H 1
| #define LT_OBJDIR ".libs/"
| #define HAVE_PYTHON_H 1
| #define STDC_HEADERS 1
| #define TIME_WITH_SYS_TIME 1
| #define HAVE_SYS_TYPES_H 1
| #define HAVE_FCNTL_H 1
| /* end confdefs.h.  */
| #include <stdio.h>
| #ifdef HAVE_SYS_TYPES_H
| # include <sys/types.h>
| #endif
| #ifdef HAVE_SYS_STAT_H
| # include <sys/stat.h>
| #endif
| #ifdef STDC_HEADERS
| # include <stdlib.h>
| # include <stddef.h>
| #else
| # ifdef HAVE_STDLIB_H
| #  include <stdlib.h>
| # endif
| #endif
| #ifdef HAVE_STRING_H
| # if !defined STDC_HEADERS && defined HAVE_MEMORY_H
| #  include <memory.h>
| # endif
| # include <string.h>
| #endif
| #ifdef HAVE_STRINGS_H
| # include <strings.h>
| #endif
| #ifdef HAVE_INTTYPES_H
| # include <inttypes.h>
| #endif
| #ifdef HAVE_STDINT_H
| # include <stdint.h>
| #endif
| #ifdef HAVE_UNISTD_H
| # include <unistd.h>
| #endif
| #include <io.h>
configure:16681: result: no
configure:16681: checking io.h presence
configure:16681: gcc -E  conftest.c
conftest.c:34:16: fatal error: io.h: No such file or directory
compilation terminated.
configure:16681: $? = 1
configure: failed program was:
| /* confdefs.h */
| #define PACKAGE_NAME ""
| #define PACKAGE_TARNAME ""
| #define PACKAGE_VERSION ""
| #define PACKAGE_STRING ""
| #define PACKAGE_BUGREPORT ""
| #define PACKAGE_URL ""
| #define PACKAGE "gr-howto-write-a-block"
| #define VERSION "3.3.0"
| #define STDC_HEADERS 1
| #define HAVE_SYS_TYPES_H 1
| #define HAVE_SYS_STAT_H 1
| #define HAVE_STDLIB_H 1
| #define HAVE_STRING_H 1
| #define HAVE_MEMORY_H 1
| #define HAVE_STRINGS_H 1
| #define HAVE_INTTYPES_H 1
| #define HAVE_STDINT_H 1
| #define HAVE_UNISTD_H 1
| #define __EXTENSIONS__ 1
| #define _ALL_SOURCE 1
| #define _GNU_SOURCE 1
| #define _POSIX_PTHREAD_SEMANTICS 1
| #define _TANDEM_SOURCE 1
| #define CXX_HAS_STD_ISNAN /**/
| #define HAVE_DLFCN_H 1
| #define LT_OBJDIR ".libs/"
| #define HAVE_PYTHON_H 1
| #define STDC_HEADERS 1
| #define TIME_WITH_SYS_TIME 1
| #define HAVE_SYS_TYPES_H 1
| #define HAVE_FCNTL_H 1
| /* end confdefs.h.  */
| #include <io.h>
configure:16681: result: no
configure:16681: checking for io.h
configure:16681: result: no
configure:16693: checking windows.h usability
configure:16693: gcc -c -g -O2  conftest.c >&5
conftest.c:67:21: fatal error: windows.h: No such file or directory
compilation terminated.
configure:16693: $? = 1
configure: failed program was:
| /* confdefs.h */
| #define PACKAGE_NAME ""
| #define PACKAGE_TARNAME ""
| #define PACKAGE_VERSION ""
| #define PACKAGE_STRING ""
| #define PACKAGE_BUGREPORT ""
| #define PACKAGE_URL ""
| #define PACKAGE "gr-howto-write-a-block"
| #define VERSION "3.3.0"
| #define STDC_HEADERS 1
| #define HAVE_SYS_TYPES_H 1
| #define HAVE_SYS_STAT_H 1
| #define HAVE_STDLIB_H 1
| #define HAVE_STRING_H 1
| #define HAVE_MEMORY_H 1
| #define HAVE_STRINGS_H 1
| #define HAVE_INTTYPES_H 1
| #define HAVE_STDINT_H 1
| #define HAVE_UNISTD_H 1
| #define __EXTENSIONS__ 1
| #define _ALL_SOURCE 1
| #define _GNU_SOURCE 1
| #define _POSIX_PTHREAD_SEMANTICS 1
| #define _TANDEM_SOURCE 1
| #define CXX_HAS_STD_ISNAN /**/
| #define HAVE_DLFCN_H 1
| #define LT_OBJDIR ".libs/"
| #define HAVE_PYTHON_H 1
| #define STDC_HEADERS 1
| #define TIME_WITH_SYS_TIME 1
| #define HAVE_SYS_TYPES_H 1
| #define HAVE_FCNTL_H 1
| /* end confdefs.h.  */
| #include <stdio.h>
| #ifdef HAVE_SYS_TYPES_H
| # include <sys/types.h>
| #endif
| #ifdef HAVE_SYS_STAT_H
| # include <sys/stat.h>
| #endif
| #ifdef STDC_HEADERS
| # include <stdlib.h>
| # include <stddef.h>
| #else
| # ifdef HAVE_STDLIB_H
| #  include <stdlib.h>
| # endif
| #endif
| #ifdef HAVE_STRING_H
| # if !defined STDC_HEADERS && defined HAVE_MEMORY_H
| #  include <memory.h>
| # endif
| # include <string.h>
| #endif
| #ifdef HAVE_STRINGS_H
| # include <strings.h>
| #endif
| #ifdef HAVE_INTTYPES_H
| # include <inttypes.h>
| #endif
| #ifdef HAVE_STDINT_H
| # include <stdint.h>
| #endif
| #ifdef HAVE_UNISTD_H
| # include <unistd.h>
| #endif
| #include <windows.h>
configure:16693: result: no
configure:16693: checking windows.h presence
configure:16693: gcc -E  conftest.c
conftest.c:34:21: fatal error: windows.h: No such file or directory
compilation terminated.
configure:16693: $? = 1
configure: failed program was:
| /* confdefs.h */
| #define PACKAGE_NAME ""
| #define PACKAGE_TARNAME ""
| #define PACKAGE_VERSION ""
| #define PACKAGE_STRING ""
| #define PACKAGE_BUGREPORT ""
| #define PACKAGE_URL ""
| #define PACKAGE "gr-howto-write-a-block"
| #define VERSION "3.3.0"
| #define STDC_HEADERS 1
| #define HAVE_SYS_TYPES_H 1
| #define HAVE_SYS_STAT_H 1
| #define HAVE_STDLIB_H 1
| #define HAVE_STRING_H 1
| #define HAVE_MEMORY_H 1
| #define HAVE_STRINGS_H 1
| #define HAVE_INTTYPES_H 1
| #define HAVE_STDINT_H 1
| #define HAVE_UNISTD_H 1
| #define __EXTENSIONS__ 1
| #define _ALL_SOURCE 1
| #define _GNU_SOURCE 1
| #define _POSIX_PTHREAD_SEMANTICS 1
| #define _TANDEM_SOURCE 1
| #define CXX_HAS_STD_ISNAN /**/
| #define HAVE_DLFCN_H 1
| #define LT_OBJDIR ".libs/"
| #define HAVE_PYTHON_H 1
| #define STDC_HEADERS 1
| #define TIME_WITH_SYS_TIME 1
| #define HAVE_SYS_TYPES_H 1
| #define HAVE_FCNTL_H 1
| /* end confdefs.h.  */
| #include <windows.h>
configure:16693: result: no
configure:16693: checking for windows.h
configure:16693: result: no
configure:16706: checking for winioctl.h
configure:16706: gcc -c -g -O2  conftest.c >&5
conftest.c:40:22: fatal error: winioctl.h: No such file or directory
compilation terminated.
configure:16706: $? = 1
configure: failed program was:
| /* confdefs.h */
| #define PACKAGE_NAME ""
| #define PACKAGE_TARNAME ""
| #define PACKAGE_VERSION ""
| #define PACKAGE_STRING ""
| #define PACKAGE_BUGREPORT ""
| #define PACKAGE_URL ""
| #define PACKAGE "gr-howto-write-a-block"
| #define VERSION "3.3.0"
| #define STDC_HEADERS 1
| #define HAVE_SYS_TYPES_H 1
| #define HAVE_SYS_STAT_H 1
| #define HAVE_STDLIB_H 1
| #define HAVE_STRING_H 1
| #define HAVE_MEMORY_H 1
| #define HAVE_STRINGS_H 1
| #define HAVE_INTTYPES_H 1
| #define HAVE_STDINT_H 1
| #define HAVE_UNISTD_H 1
| #define __EXTENSIONS__ 1
| #define _ALL_SOURCE 1
| #define _GNU_SOURCE 1
| #define _POSIX_PTHREAD_SEMANTICS 1
| #define _TANDEM_SOURCE 1
| #define CXX_HAS_STD_ISNAN /**/
| #define HAVE_DLFCN_H 1
| #define LT_OBJDIR ".libs/"
| #define HAVE_PYTHON_H 1
| #define STDC_HEADERS 1
| #define TIME_WITH_SYS_TIME 1
| #define HAVE_SYS_TYPES_H 1
| #define HAVE_FCNTL_H 1
| /* end confdefs.h.  */
| 
| 	#if HAVE_WINDOWS_H
| 	#include <windows.h>
| 	#endif
| 
| 
| #include <winioctl.h>
configure:16706: result: no
configure:16706: checking for winbase.h
configure:16706: gcc -c -g -O2  conftest.c >&5
conftest.c:40:21: fatal error: winbase.h: No such file or directory
compilation terminated.
configure:16706: $? = 1
configure: failed program was:
| /* confdefs.h */
| #define PACKAGE_NAME ""
| #define PACKAGE_TARNAME ""
| #define PACKAGE_VERSION ""
| #define PACKAGE_STRING ""
| #define PACKAGE_BUGREPORT ""
| #define PACKAGE_URL ""
| #define PACKAGE "gr-howto-write-a-block"
| #define VERSION "3.3.0"
| #define STDC_HEADERS 1
| #define HAVE_SYS_TYPES_H 1
| #define HAVE_SYS_STAT_H 1
| #define HAVE_STDLIB_H 1
| #define HAVE_STRING_H 1
| #define HAVE_MEMORY_H 1
| #define HAVE_STRINGS_H 1
| #define HAVE_INTTYPES_H 1
| #define HAVE_STDINT_H 1
| #define HAVE_UNISTD_H 1
| #define __EXTENSIONS__ 1
| #define _ALL_SOURCE 1
| #define _GNU_SOURCE 1
| #define _POSIX_PTHREAD_SEMANTICS 1
| #define _TANDEM_SOURCE 1
| #define CXX_HAS_STD_ISNAN /**/
| #define HAVE_DLFCN_H 1
| #define LT_OBJDIR ".libs/"
| #define HAVE_PYTHON_H 1
| #define STDC_HEADERS 1
| #define TIME_WITH_SYS_TIME 1
| #define HAVE_SYS_TYPES_H 1
| #define HAVE_FCNTL_H 1
| /* end confdefs.h.  */
| 
| 	#if HAVE_WINDOWS_H
| 	#include <windows.h>
| 	#endif
| 
| 
| #include <winbase.h>
configure:16706: result: no
configure:16725: checking for getopt
configure:16725: gcc -o conftest -g -O2   conftest.c  >&5
configure:16725: $? = 0
configure:16725: result: yes
configure:16725: checking for usleep
configure:16725: gcc -o conftest -g -O2   conftest.c  >&5
configure:16725: $? = 0
configure:16725: result: yes
configure:16725: checking for gettimeofday
configure:16725: gcc -o conftest -g -O2   conftest.c  >&5
configure:16725: $? = 0
configure:16725: result: yes
configure:16725: checking for nanosleep
configure:16725: gcc -o conftest -g -O2   conftest.c  >&5
configure:16725: $? = 0
configure:16725: result: yes
configure:16725: checking for rand
configure:16725: gcc -o conftest -g -O2   conftest.c  >&5
configure:16725: $? = 0
configure:16725: result: yes
configure:16725: checking for srand
configure:16725: gcc -o conftest -g -O2   conftest.c  >&5
configure:16725: $? = 0
configure:16725: result: yes
configure:16725: checking for random
configure:16725: gcc -o conftest -g -O2   conftest.c  >&5
configure:16725: $? = 0
configure:16725: result: yes
configure:16725: checking for srandom
configure:16725: gcc -o conftest -g -O2   conftest.c  >&5
configure:16725: $? = 0
configure:16725: result: yes
configure:16725: checking for sleep
configure:16725: gcc -o conftest -g -O2   conftest.c  >&5
configure:16725: $? = 0
configure:16725: result: yes
configure:16725: checking for sigaction
configure:16725: gcc -o conftest -g -O2   conftest.c  >&5
configure:16725: $? = 0
configure:16725: result: yes
configure:16734: checking for struct timezone
configure:16734: gcc -c -g -O2  conftest.c >&5
configure:16734: $? = 0
configure:16734: gcc -c -g -O2  conftest.c >&5
conftest.c: In function 'main':
conftest.c:63:30: error: expected expression before ')' token
configure:16734: $? = 1
configure: failed program was:
| /* confdefs.h */
| #define PACKAGE_NAME ""
| #define PACKAGE_TARNAME ""
| #define PACKAGE_VERSION ""
| #define PACKAGE_STRING ""
| #define PACKAGE_BUGREPORT ""
| #define PACKAGE_URL ""
| #define PACKAGE "gr-howto-write-a-block"
| #define VERSION "3.3.0"
| #define STDC_HEADERS 1
| #define HAVE_SYS_TYPES_H 1
| #define HAVE_SYS_STAT_H 1
| #define HAVE_STDLIB_H 1
| #define HAVE_STRING_H 1
| #define HAVE_MEMORY_H 1
| #define HAVE_STRINGS_H 1
| #define HAVE_INTTYPES_H 1
| #define HAVE_STDINT_H 1
| #define HAVE_UNISTD_H 1
| #define __EXTENSIONS__ 1
| #define _ALL_SOURCE 1
| #define _GNU_SOURCE 1
| #define _POSIX_PTHREAD_SEMANTICS 1
| #define _TANDEM_SOURCE 1
| #define CXX_HAS_STD_ISNAN /**/
| #define HAVE_DLFCN_H 1
| #define LT_OBJDIR ".libs/"
| #define HAVE_PYTHON_H 1
| #define STDC_HEADERS 1
| #define TIME_WITH_SYS_TIME 1
| #define HAVE_SYS_TYPES_H 1
| #define HAVE_FCNTL_H 1
| #define HAVE_GETOPT 1
| #define HAVE_USLEEP 1
| #define HAVE_GETTIMEOFDAY 1
| #define HAVE_NANOSLEEP 1
| #define HAVE_RAND 1
| #define HAVE_SRAND 1
| #define HAVE_RANDOM 1
| #define HAVE_SRANDOM 1
| #define HAVE_SLEEP 1
| #define HAVE_SIGACTION 1
| /* end confdefs.h.  */
| 
|      #if HAVE_SYS_TYPES_H
|      # include <sys/types.h>
|      #endif
|      #if TIME_WITH_SYS_TIME
|      # include <sys/time.h>
|      # include <time.h>
|      #else
|      # if HAVE_SYS_TIME_H
|      #  include <sys/time.h>
|      # else
|      #  include <time.h>
|      # endif
|      #endif
| 
| 
| int
| main ()
| {
| if (sizeof ((struct timezone)))
| 	    return 0;
|   ;
|   return 0;
| }
configure:16734: result: yes
configure:16758: checking for struct timespec
configure:16758: gcc -c -g -O2  conftest.c >&5
configure:16758: $? = 0
configure:16758: gcc -c -g -O2  conftest.c >&5
conftest.c: In function 'main':
conftest.c:64:30: error: expected expression before ')' token
configure:16758: $? = 1
configure: failed program was:
| /* confdefs.h */
| #define PACKAGE_NAME ""
| #define PACKAGE_TARNAME ""
| #define PACKAGE_VERSION ""
| #define PACKAGE_STRING ""
| #define PACKAGE_BUGREPORT ""
| #define PACKAGE_URL ""
| #define PACKAGE "gr-howto-write-a-block"
| #define VERSION "3.3.0"
| #define STDC_HEADERS 1
| #define HAVE_SYS_TYPES_H 1
| #define HAVE_SYS_STAT_H 1
| #define HAVE_STDLIB_H 1
| #define HAVE_STRING_H 1
| #define HAVE_MEMORY_H 1
| #define HAVE_STRINGS_H 1
| #define HAVE_INTTYPES_H 1
| #define HAVE_STDINT_H 1
| #define HAVE_UNISTD_H 1
| #define __EXTENSIONS__ 1
| #define _ALL_SOURCE 1
| #define _GNU_SOURCE 1
| #define _POSIX_PTHREAD_SEMANTICS 1
| #define _TANDEM_SOURCE 1
| #define CXX_HAS_STD_ISNAN /**/
| #define HAVE_DLFCN_H 1
| #define LT_OBJDIR ".libs/"
| #define HAVE_PYTHON_H 1
| #define STDC_HEADERS 1
| #define TIME_WITH_SYS_TIME 1
| #define HAVE_SYS_TYPES_H 1
| #define HAVE_FCNTL_H 1
| #define HAVE_GETOPT 1
| #define HAVE_USLEEP 1
| #define HAVE_GETTIMEOFDAY 1
| #define HAVE_NANOSLEEP 1
| #define HAVE_RAND 1
| #define HAVE_SRAND 1
| #define HAVE_RANDOM 1
| #define HAVE_SRANDOM 1
| #define HAVE_SLEEP 1
| #define HAVE_SIGACTION 1
| #define HAVE_STRUCT_TIMEZONE 1
| /* end confdefs.h.  */
| 
|      #if HAVE_SYS_TYPES_H
|      # include <sys/types.h>
|      #endif
|      #if TIME_WITH_SYS_TIME
|      # include <sys/time.h>
|      # include <time.h>
|      #else
|      # if HAVE_SYS_TIME_H
|      #  include <sys/time.h>
|      # else
|      #  include <time.h>
|      # endif
|      #endif
| 
| 
| int
| main ()
| {
| if (sizeof ((struct timespec)))
| 	    return 0;
|   ;
|   return 0;
| }
configure:16758: result: yes
configure:16782: checking for ssize_t
configure:16782: gcc -c -g -O2  conftest.c >&5
configure:16782: $? = 0
configure:16782: gcc -c -g -O2  conftest.c >&5
conftest.c: In function 'main':
conftest.c:65:22: error: expected expression before ')' token
configure:16782: $? = 1
configure: failed program was:
| /* confdefs.h */
| #define PACKAGE_NAME ""
| #define PACKAGE_TARNAME ""
| #define PACKAGE_VERSION ""
| #define PACKAGE_STRING ""
| #define PACKAGE_BUGREPORT ""
| #define PACKAGE_URL ""
| #define PACKAGE "gr-howto-write-a-block"
| #define VERSION "3.3.0"
| #define STDC_HEADERS 1
| #define HAVE_SYS_TYPES_H 1
| #define HAVE_SYS_STAT_H 1
| #define HAVE_STDLIB_H 1
| #define HAVE_STRING_H 1
| #define HAVE_MEMORY_H 1
| #define HAVE_STRINGS_H 1
| #define HAVE_INTTYPES_H 1
| #define HAVE_STDINT_H 1
| #define HAVE_UNISTD_H 1
| #define __EXTENSIONS__ 1
| #define _ALL_SOURCE 1
| #define _GNU_SOURCE 1
| #define _POSIX_PTHREAD_SEMANTICS 1
| #define _TANDEM_SOURCE 1
| #define CXX_HAS_STD_ISNAN /**/
| #define HAVE_DLFCN_H 1
| #define LT_OBJDIR ".libs/"
| #define HAVE_PYTHON_H 1
| #define STDC_HEADERS 1
| #define TIME_WITH_SYS_TIME 1
| #define HAVE_SYS_TYPES_H 1
| #define HAVE_FCNTL_H 1
| #define HAVE_GETOPT 1
| #define HAVE_USLEEP 1
| #define HAVE_GETTIMEOFDAY 1
| #define HAVE_NANOSLEEP 1
| #define HAVE_RAND 1
| #define HAVE_SRAND 1
| #define HAVE_RANDOM 1
| #define HAVE_SRANDOM 1
| #define HAVE_SLEEP 1
| #define HAVE_SIGACTION 1
| #define HAVE_STRUCT_TIMEZONE 1
| #define HAVE_STRUCT_TIMESPEC 1
| /* end confdefs.h.  */
| 
|      #if HAVE_SYS_TYPES_H
|      # include <sys/types.h>
|      #endif
|      #if TIME_WITH_SYS_TIME
|      # include <sys/time.h>
|      # include <time.h>
|      #else
|      # if HAVE_SYS_TIME_H
|      #  include <sys/time.h>
|      # else
|      #  include <time.h>
|      # endif
|      #endif
| 
| 
| int
| main ()
| {
| if (sizeof ((ssize_t)))
| 	    return 0;
|   ;
|   return 0;
| }
configure:16782: result: yes
configure:16808: checking for getopt
configure:16808: result: yes
configure:16821: checking for usleep
configure:16821: result: yes
configure:16834: checking for gettimeofday
configure:16834: result: yes
configure:16850: checking for Sleep
configure:16865: gcc -o conftest -g -O2   conftest.c  >&5
conftest.c:50:24: fatal error: windows.h: No such file or directory
compilation terminated.
configure:16865: $? = 1
configure: failed program was:
| /* confdefs.h */
| #define PACKAGE_NAME ""
| #define PACKAGE_TARNAME ""
| #define PACKAGE_VERSION ""
| #define PACKAGE_STRING ""
| #define PACKAGE_BUGREPORT ""
| #define PACKAGE_URL ""
| #define PACKAGE "gr-howto-write-a-block"
| #define VERSION "3.3.0"
| #define STDC_HEADERS 1
| #define HAVE_SYS_TYPES_H 1
| #define HAVE_SYS_STAT_H 1
| #define HAVE_STDLIB_H 1
| #define HAVE_STRING_H 1
| #define HAVE_MEMORY_H 1
| #define HAVE_STRINGS_H 1
| #define HAVE_INTTYPES_H 1
| #define HAVE_STDINT_H 1
| #define HAVE_UNISTD_H 1
| #define __EXTENSIONS__ 1
| #define _ALL_SOURCE 1
| #define _GNU_SOURCE 1
| #define _POSIX_PTHREAD_SEMANTICS 1
| #define _TANDEM_SOURCE 1
| #define CXX_HAS_STD_ISNAN /**/
| #define HAVE_DLFCN_H 1
| #define LT_OBJDIR ".libs/"
| #define HAVE_PYTHON_H 1
| #define STDC_HEADERS 1
| #define TIME_WITH_SYS_TIME 1
| #define HAVE_SYS_TYPES_H 1
| #define HAVE_FCNTL_H 1
| #define HAVE_GETOPT 1
| #define HAVE_USLEEP 1
| #define HAVE_GETTIMEOFDAY 1
| #define HAVE_NANOSLEEP 1
| #define HAVE_RAND 1
| #define HAVE_SRAND 1
| #define HAVE_RANDOM 1
| #define HAVE_SRANDOM 1
| #define HAVE_SLEEP 1
| #define HAVE_SIGACTION 1
| #define HAVE_STRUCT_TIMEZONE 1
| #define HAVE_STRUCT_TIMESPEC 1
| #define HAVE_SSIZE_T 1
| #define HAVE_GETOPT 1
| #define HAVE_USLEEP 1
| #define HAVE_GETTIMEOFDAY 1
| /* end confdefs.h.  */
|    #include <windows.h>
|                 #include <winbase.h>
| 
| int
| main ()
| {
|  Sleep(0);
|   ;
|   return 0;
| }
configure:16872: result: no
configure:16879: checking whether mkdir accepts only one arg
configure:16896: gcc -c -g -O2  conftest.c >&5
conftest.c: In function 'main':
conftest.c:57:8: error: too few arguments to function 'mkdir'
/usr/include/x86_64-linux-gnu/sys/stat.h:323:12: note: declared here
configure:16896: $? = 1
configure: failed program was:
| /* confdefs.h */
| #define PACKAGE_NAME ""
| #define PACKAGE_TARNAME ""
| #define PACKAGE_VERSION ""
| #define PACKAGE_STRING ""
| #define PACKAGE_BUGREPORT ""
| #define PACKAGE_URL ""
| #define PACKAGE "gr-howto-write-a-block"
| #define VERSION "3.3.0"
| #define STDC_HEADERS 1
| #define HAVE_SYS_TYPES_H 1
| #define HAVE_SYS_STAT_H 1
| #define HAVE_STDLIB_H 1
| #define HAVE_STRING_H 1
| #define HAVE_MEMORY_H 1
| #define HAVE_STRINGS_H 1
| #define HAVE_INTTYPES_H 1
| #define HAVE_STDINT_H 1
| #define HAVE_UNISTD_H 1
| #define __EXTENSIONS__ 1
| #define _ALL_SOURCE 1
| #define _GNU_SOURCE 1
| #define _POSIX_PTHREAD_SEMANTICS 1
| #define _TANDEM_SOURCE 1
| #define CXX_HAS_STD_ISNAN /**/
| #define HAVE_DLFCN_H 1
| #define LT_OBJDIR ".libs/"
| #define HAVE_PYTHON_H 1
| #define STDC_HEADERS 1
| #define TIME_WITH_SYS_TIME 1
| #define HAVE_SYS_TYPES_H 1
| #define HAVE_FCNTL_H 1
| #define HAVE_GETOPT 1
| #define HAVE_USLEEP 1
| #define HAVE_GETTIMEOFDAY 1
| #define HAVE_NANOSLEEP 1
| #define HAVE_RAND 1
| #define HAVE_SRAND 1
| #define HAVE_RANDOM 1
| #define HAVE_SRANDOM 1
| #define HAVE_SLEEP 1
| #define HAVE_SIGACTION 1
| #define HAVE_STRUCT_TIMEZONE 1
| #define HAVE_STRUCT_TIMESPEC 1
| #define HAVE_SSIZE_T 1
| #define HAVE_GETOPT 1
| #define HAVE_USLEEP 1
| #define HAVE_GETTIMEOFDAY 1
| /* end confdefs.h.  */
| #include <sys/types.h>
|        #include <sys/stat.h>
|        #include <fcntl.h>
| int
| main ()
| {
| 
|        mkdir("")
| 
|   ;
|   return 0;
| }
configure:16903: result: no
configure:16916: checking for xmlto
configure:16946: result: no
configure:17009: checking for pkg-config
configure:17027: found /usr/bin/pkg-config
configure:17039: result: /usr/bin/pkg-config
configure:17064: checking pkg-config is at least version 0.18
configure:17067: result: yes
configure:17078: checking for GNURADIO_CORE
configure:17086: $PKG_CONFIG --exists --print-errors "gnuradio-core >= 3"
configure:17089: $? = 0
configure:17126: $PKG_CONFIG --exists --print-errors "gnuradio-core >= 3"
configure:17129: $? = 0
configure:17146: $PKG_CONFIG --exists --print-errors "gnuradio-core >= 3"
configure:17149: $? = 0
configure:17216: result: yes
configure:17244: $PKG_CONFIG --exists --print-errors "cppunit"
configure:17247: $? = 0
configure:17251: checking for CPPUNIT
configure:17259: $PKG_CONFIG --exists --print-errors "cppunit >= 1.9.14"
configure:17262: $? = 0
configure:17299: $PKG_CONFIG --exists --print-errors "cppunit >= 1.9.14"
configure:17302: $? = 0
configure:17319: $PKG_CONFIG --exists --print-errors "cppunit >= 1.9.14"
configure:17322: $? = 0
configure:17389: result: yes
configure:17686: creating ./config.status

## ---------------- ##
## Cache variables. ##
## ---------------- ##

ac_cv_build=x86_64-unknown-linux-gnu
ac_cv_c_bigendian=no
ac_cv_c_compiler_gnu=yes
ac_cv_c_const=yes
ac_cv_c_inline=inline
ac_cv_cxx_compiler_gnu=yes
ac_cv_env_CCASFLAGS_set=
ac_cv_env_CCASFLAGS_value=
ac_cv_env_CCAS_set=
ac_cv_env_CCAS_value=
ac_cv_env_CCC_set=
ac_cv_env_CCC_value=
ac_cv_env_CC_set=
ac_cv_env_CC_value=
ac_cv_env_CFLAGS_set=
ac_cv_env_CFLAGS_value=
ac_cv_env_CPPFLAGS_set=
ac_cv_env_CPPFLAGS_value=
ac_cv_env_CPPUNIT_CFLAGS_set=
ac_cv_env_CPPUNIT_CFLAGS_value=
ac_cv_env_CPPUNIT_INCLUDEDIR_set=
ac_cv_env_CPPUNIT_INCLUDEDIR_value=
ac_cv_env_CPPUNIT_LIBS_set=
ac_cv_env_CPPUNIT_LIBS_value=
ac_cv_env_CPP_set=
ac_cv_env_CPP_value=
ac_cv_env_CXXCPP_set=
ac_cv_env_CXXCPP_value=
ac_cv_env_CXXFLAGS_set=
ac_cv_env_CXXFLAGS_value=
ac_cv_env_CXX_set=
ac_cv_env_CXX_value=
ac_cv_env_GNURADIO_CORE_CFLAGS_set=
ac_cv_env_GNURADIO_CORE_CFLAGS_value=
ac_cv_env_GNURADIO_CORE_INCLUDEDIR_set=
ac_cv_env_GNURADIO_CORE_INCLUDEDIR_value=
ac_cv_env_GNURADIO_CORE_LIBS_set=
ac_cv_env_GNURADIO_CORE_LIBS_value=
ac_cv_env_LDFLAGS_set=
ac_cv_env_LDFLAGS_value=
ac_cv_env_LIBS_set=
ac_cv_env_LIBS_value=
ac_cv_env_PKG_CONFIG_set=
ac_cv_env_PKG_CONFIG_value=
ac_cv_env_build_alias_set=
ac_cv_env_build_alias_value=
ac_cv_env_host_alias_set=
ac_cv_env_host_alias_value=
ac_cv_env_target_alias_set=
ac_cv_env_target_alias_value=
ac_cv_func_getopt=yes
ac_cv_func_gettimeofday=yes
ac_cv_func_nanosleep=yes
ac_cv_func_rand=yes
ac_cv_func_random=yes
ac_cv_func_sigaction=yes
ac_cv_func_sleep=yes
ac_cv_func_srand=yes
ac_cv_func_srandom=yes
ac_cv_func_usleep=yes
ac_cv_header_Python_h=yes
ac_cv_header_dlfcn_h=yes
ac_cv_header_fcntl_h=yes
ac_cv_header_inttypes_h=yes
ac_cv_header_io_h=no
ac_cv_header_memory_h=yes
ac_cv_header_minix_config_h=no
ac_cv_header_stdc=yes
ac_cv_header_stdint_h=yes
ac_cv_header_stdlib_h=yes
ac_cv_header_string_h=yes
ac_cv_header_strings_h=yes
ac_cv_header_sys_stat_h=yes
ac_cv_header_sys_types_h=yes
ac_cv_header_time=yes
ac_cv_header_unistd_h=yes
ac_cv_header_winbase_h=no
ac_cv_header_windows_h=no
ac_cv_header_winioctl_h=no
ac_cv_host=x86_64-unknown-linux-gnu
ac_cv_objext=o
ac_cv_path_EGREP='/bin/grep -E'
ac_cv_path_FGREP='/bin/grep -F'
ac_cv_path_GIT=/usr/bin/git
ac_cv_path_GREP=/bin/grep
ac_cv_path_PYTHON=/usr/bin/python
ac_cv_path_RM_PROG=/bin/rm
ac_cv_path_SED=/bin/sed
ac_cv_path_ac_pt_PKG_CONFIG=/usr/bin/pkg-config
ac_cv_path_install='/usr/bin/install -c'
ac_cv_path_mkdir=/bin/mkdir
ac_cv_prog_AWK=mawk
ac_cv_prog_CPP='gcc -E'
ac_cv_prog_CXXCPP='g++ -E'
ac_cv_prog_SWIG=/usr/bin/swig
ac_cv_prog_ac_ct_AR=ar
ac_cv_prog_ac_ct_CC=gcc
ac_cv_prog_ac_ct_CXX=g++
ac_cv_prog_ac_ct_OBJDUMP=objdump
ac_cv_prog_ac_ct_RANLIB=ranlib
ac_cv_prog_ac_ct_STRIP=strip
ac_cv_prog_cc_c89=
ac_cv_prog_cc_g=yes
ac_cv_prog_cxx_g=yes
ac_cv_prog_make_make_set=yes
ac_cv_safe_to_define___extensions__=yes
ac_cv_search_strerror='none required'
ac_cv_target=x86_64-unknown-linux-gnu
ac_cv_type_size_t=yes
ac_cv_type_ssize_t=yes
ac_cv_type_struct_timespec=yes
ac_cv_type_struct_timezone=yes
am_cv_CCAS_dependencies_compiler_type=gcc3
am_cv_CC_dependencies_compiler_type=gcc3
am_cv_CXX_dependencies_compiler_type=gcc3
am_cv_prog_tar_ustar=gnutar
am_cv_python_platform=linux2
am_cv_python_pyexecdir='${exec_prefix}/lib/python2.7/dist-packages'
am_cv_python_pythondir='${prefix}/lib/python2.7/dist-packages'
am_cv_python_version=2.7
lt_cv_deplibs_check_method=pass_all
lt_cv_file_magic_cmd='$MAGIC_CMD'
lt_cv_file_magic_test_file=
lt_cv_ld_reload_flag=-r
lt_cv_nm_interface='BSD nm'
lt_cv_objdir=.libs
lt_cv_path_LD=/usr/bin/ld
lt_cv_path_LDCXX='/usr/bin/ld -m elf_x86_64'
lt_cv_path_NM='/usr/bin/nm -B'
lt_cv_prog_compiler_c_o=yes
lt_cv_prog_compiler_c_o_CXX=yes
lt_cv_prog_compiler_pic_works=yes
lt_cv_prog_compiler_pic_works_CXX=yes
lt_cv_prog_compiler_rtti_exceptions=no
lt_cv_prog_compiler_static_works=yes
lt_cv_prog_compiler_static_works_CXX=yes
lt_cv_prog_gnu_ld=yes
lt_cv_prog_gnu_ldcxx=yes
lt_cv_sys_global_symbol_pipe='sed -n -e '\''s/^.*[	 ]\([ABCDGIRSTW][ABCDGIRSTW]*\)[	 ][	 ]*\([_A-Za-z][_A-Za-z0-9]*\)$/\1 \2 \2/p'\'''
lt_cv_sys_global_symbol_to_c_name_address='sed -n -e '\''s/^: \([^ ]*\) $/  {\"\1\", (void *) 0},/p'\'' -e '\''s/^[ABCDGIRSTW]* \([^ ]*\) \([^ ]*\)$/  {"\2", (void *) \&\2},/p'\'''
lt_cv_sys_global_symbol_to_c_name_address_lib_prefix='sed -n -e '\''s/^: \([^ ]*\) $/  {\"\1\", (void *) 0},/p'\'' -e '\''s/^[ABCDGIRSTW]* \([^ ]*\) \(lib[^ ]*\)$/  {"\2", (void *) \&\2},/p'\'' -e '\''s/^[ABCDGIRSTW]* \([^ ]*\) \([^ ]*\)$/  {"lib\2", (void *) \&\2},/p'\'''
lt_cv_sys_global_symbol_to_cdecl='sed -n -e '\''s/^T .* \(.*\)$/extern int \1();/p'\'' -e '\''s/^[ABCDGIRSTW]* .* \(.*\)$/extern char \1;/p'\'''
lt_cv_sys_max_cmd_len=3458764513820540925
pkg_cv_CPPUNIT_CFLAGS=' '
pkg_cv_CPPUNIT_CPPFLAGS=
pkg_cv_CPPUNIT_INCLUDEDIR=/usr/include
pkg_cv_CPPUNIT_LIBS='-lcppunit -ldl  '
pkg_cv_GNURADIO_CORE_CFLAGS='-I/usr/local/include/gnuradio -I/usr/local/include  '
pkg_cv_GNURADIO_CORE_CPPFLAGS=' -I/usr/local/include/gnuradio -I/usr/local/include'
pkg_cv_GNURADIO_CORE_INCLUDEDIR=/usr/local/include/gnuradio
pkg_cv_GNURADIO_CORE_LIBS='-L/usr/local/lib -lgnuradio-core -lgruel -lfftw3f -lm  '

## ----------------- ##
## Output variables. ##
## ----------------- ##

ACLOCAL='${SHELL} /home/louis/Dropbox/sdr/dab/missing --run aclocal-1.11'
AMDEPBACKSLASH='\'
AMDEP_FALSE='#'
AMDEP_TRUE=''
AMTAR='${SHELL} /home/louis/Dropbox/sdr/dab/missing --run tar'
AR='ar'
AS='as'
AUTOCONF='${SHELL} /home/louis/Dropbox/sdr/dab/missing --run autoconf'
AUTOHEADER='${SHELL} /home/louis/Dropbox/sdr/dab/missing --run autoheader'
AUTOMAKE='${SHELL} /home/louis/Dropbox/sdr/dab/missing --run automake-1.11'
AWK='mawk'
CC='gcc'
CCAS='gcc'
CCASDEPMODE='depmode=gcc3'
CCASFLAGS='-g -O2'
CCDEPMODE='depmode=gcc3'
CFLAGS='-g -O2'
CPP='gcc -E'
CPPFLAGS=''
CPPUNIT_CFLAGS=' '
CPPUNIT_CONFIG=''
CPPUNIT_CPPFLAGS=''
CPPUNIT_INCLUDEDIR='/usr/include'
CPPUNIT_LIBS='-lcppunit -ldl  '
CXX='g++'
CXXCPP='g++ -E'
CXXDEPMODE='depmode=gcc3'
CXXFLAGS='-g -O2'
CYGPATH_W='echo'
DEFS='-DHAVE_CONFIG_H'
DEPDIR='.deps'
DLLTOOL='dlltool'
DOCVER='3.3.0'
DSYMUTIL=''
DUMPBIN=''
ECHO_C=''
ECHO_N='-n'
ECHO_T=''
EGREP='/bin/grep -E'
EXEEXT=''
FGREP='/bin/grep -F'
GIT='/usr/bin/git'
GIT_COMMIT=''
GIT_DESCRIBE=''
GIT_SEQNO=''
GIT_TAG=''
GNURADIO_CORE_CFLAGS='-I/usr/local/include/gnuradio -I/usr/local/include  '
GNURADIO_CORE_CPPFLAGS=' -I/usr/local/include/gnuradio -I/usr/local/include'
GNURADIO_CORE_INCLUDEDIR='/usr/local/include/gnuradio'
GNURADIO_CORE_LIBS='-L/usr/local/lib -lgnuradio-core -lgruel -lfftw3f -lm  '
GREP='/bin/grep'
HAS_XMLTO_FALSE=''
HAS_XMLTO_TRUE='#'
INSTALL_DATA='${INSTALL} -m 644'
INSTALL_PROGRAM='${INSTALL}'
INSTALL_SCRIPT='${INSTALL}'
INSTALL_STRIP_PROGRAM='$(install_sh) -c -s'
LD='/usr/bin/ld -m elf_x86_64'
LDFLAGS=''
LIBOBJS=''
LIBS=' -L/usr/local/lib -lgnuradio-core -lgruel -lfftw3f -lm  '
LIBTOOL='$(SHELL) $(top_builddir)/libtool'
LIBVER='3.3.0'
LIPO=''
LN_S='ln -s'
LTLIBOBJS=''
MAKEINFO='${SHELL} /home/louis/Dropbox/sdr/dab/missing --run makeinfo'
MKDIR_P='/bin/mkdir -p'
NM='/usr/bin/nm -B'
NMEDIT=''
NO_UNDEFINED=''
OBJDUMP='objdump'
OBJEXT='o'
OTOOL64=''
OTOOL=''
PACKAGE='gr-howto-write-a-block'
PACKAGE_BUGREPORT=''
PACKAGE_NAME=''
PACKAGE_STRING=''
PACKAGE_TARNAME=''
PACKAGE_URL=''
PACKAGE_VERSION=''
PATH_SEPARATOR=':'
PKG_CONFIG='/usr/bin/pkg-config'
PYTHON='/usr/bin/python'
PYTHON_CPPFLAGS='-I/usr/include/python2.7'
PYTHON_EXEC_PREFIX='${exec_prefix}'
PYTHON_FALSE='#'
PYTHON_LDFLAGS=''
PYTHON_PLATFORM='linux2'
PYTHON_PREFIX='${prefix}'
PYTHON_TRUE=''
PYTHON_VERSION='2.7'
RANLIB='ranlib'
RELEASE='3.3.0'
RM_PROG='/bin/rm'
SED='/bin/sed'
SET_MAKE=''
SHELL='/bin/bash'
STRIP='strip'
SWIG='/usr/bin/swig -c++'
SWIG_PYTHON_CPPFLAGS='-I/usr/include/python2.7'
SWIG_PYTHON_LIB='-lswigpy'
SWIG_PYTHON_OPT='-python'
VERSION='3.3.0'
XMLTO=''
ac_ct_CC='gcc'
ac_ct_CXX='g++'
ac_ct_DUMPBIN=''
am__EXEEXT_FALSE=''
am__EXEEXT_TRUE='#'
am__fastdepCCAS_FALSE='#'
am__fastdepCCAS_TRUE=''
am__fastdepCC_FALSE='#'
am__fastdepCC_TRUE=''
am__fastdepCXX_FALSE='#'
am__fastdepCXX_TRUE=''
am__include='include'
am__isrc=''
am__leading_dot='.'
am__quote=''
am__tar='tar --format=ustar -chf - "$$tardir"'
am__untar='tar -xf -'
autoconf_default_CXXFLAGS='-g -O2'
bindir='${exec_prefix}/bin'
build='x86_64-unknown-linux-gnu'
build_alias=''
build_cpu='x86_64'
build_os='linux-gnu'
build_vendor='unknown'
datadir='${datarootdir}'
datarootdir='${prefix}/share'
docdir='${datarootdir}/doc/${PACKAGE}'
dvidir='${docdir}'
exec_prefix='${prefix}'
gr_libdir_suffix='64'
host='x86_64-unknown-linux-gnu'
host_alias=''
host_cpu='x86_64'
host_os='linux-gnu'
host_vendor='unknown'
htmldir='${docdir}'
includedir='${prefix}/include'
infodir='${datarootdir}/info'
install_sh='${SHELL} /home/louis/Dropbox/sdr/dab/install-sh'
lf_CFLAGS=' -Wall -Werror-implicit-function-declaration'
lf_CXXFLAGS=' -Wall -Woverloaded-virtual'
libdir='${exec_prefix}/lib64'
libexecdir='${exec_prefix}/libexec'
localedir='${datarootdir}/locale'
localstatedir='${prefix}/var'
lt_ECHO='echo'
mandir='${datarootdir}/man'
mkdir_p='/bin/mkdir -p'
oldincludedir='/usr/include'
pdfdir='${docdir}'
pkgpyexecdir='${pyexecdir}/gr-howto-write-a-block'
pkgpythondir='${pythondir}/gr-howto-write-a-block'
prefix='/usr/local'
program_transform_name='s,x,x,'
psdir='${docdir}'
pyexecdir='${exec_prefix}/lib/python2.7/dist-packages'
pythondir='${prefix}/lib/python2.7/dist-packages'
sbindir='${exec_prefix}/sbin'
sharedstatedir='${prefix}/com'
swig_CXXFLAGS='-g -O1 -Wno-strict-aliasing -Wno-parentheses'
sysconfdir='${prefix}/etc'
target='x86_64-unknown-linux-gnu'
target_alias=''
target_cpu='x86_64'
target_os='linux-gnu'
target_vendor='unknown'

## ----------- ##
## confdefs.h. ##
## ----------- ##

/* confdefs.h */
#define PACKAGE_NAME ""
#define PACKAGE_TARNAME ""
#define PACKAGE_VERSION ""
#define PACKAGE_STRING ""
#define PACKAGE_BUGREPORT ""
#define PACKAGE_URL ""
#define PACKAGE "gr-howto-write-a-block"
#define VERSION "3.3.0"
#define STDC_HEADERS 1
#define HAVE_SYS_TYPES_H 1
#define HAVE_SYS_STAT_H 1
#define HAVE_STDLIB_H 1
#define HAVE_STRING_H 1
#define HAVE_MEMORY_H 1
#define HAVE_STRINGS_H 1
#define HAVE_INTTYPES_H 1
#define HAVE_STDINT_H 1
#define HAVE_UNISTD_H 1
#define __EXTENSIONS__ 1
#define _ALL_SOURCE 1
#define _GNU_SOURCE 1
#define _POSIX_PTHREAD_SEMANTICS 1
#define _TANDEM_SOURCE 1
#define CXX_HAS_STD_ISNAN /**/
#define HAVE_DLFCN_H 1
#define LT_OBJDIR ".libs/"
#define HAVE_PYTHON_H 1
#define STDC_HEADERS 1
#define TIME_WITH_SYS_TIME 1
#define HAVE_SYS_TYPES_H 1
#define HAVE_FCNTL_H 1
#define HAVE_GETOPT 1
#define HAVE_USLEEP 1
#define HAVE_GETTIMEOFDAY 1
#define HAVE_NANOSLEEP 1
#define HAVE_RAND 1
#define HAVE_SRAND 1
#define HAVE_RANDOM 1
#define HAVE_SRANDOM 1
#define HAVE_SLEEP 1
#define HAVE_SIGACTION 1
#define HAVE_STRUCT_TIMEZONE 1
#define HAVE_STRUCT_TIMESPEC 1
#define HAVE_SSIZE_T 1
#define HAVE_GETOPT 1
#define HAVE_USLEEP 1
#define HAVE_GETTIMEOFDAY 1

configure: exit 0

## ---------------------- ##
## Running config.status. ##
## ---------------------- ##

This file was extended by config.status, which was
generated by GNU Autoconf 2.68.  Invocation command line was

  CONFIG_FILES    = 
  CONFIG_HEADERS  = 
  CONFIG_LINKS    = 
  CONFIG_COMMANDS = 
  $ ./config.status 

on pirlouit

config.status:1226: creating Makefile
config.status:1226: creating apps/Makefile
config.status:1226: creating config/Makefile
config.status:1226: creating grc/Makefile
config.status:1226: creating lib/Makefile
config.status:1226: creating python/Makefile
config.status:1226: creating python/run_tests
config.status:1226: creating swig/Makefile
config.status:1226: creating config.h
config.status:1407: config.h is unchanged
config.status:1455: executing depfiles commands
config.status:1455: executing libtool commands
config.status:1455: executing run_tests commands

## ---------------------- ##
## Running config.status. ##
## ---------------------- ##

This file was extended by config.status, which was
generated by GNU Autoconf 2.68.  Invocation command line was

  CONFIG_FILES    = 
  CONFIG_HEADERS  = 
  CONFIG_LINKS    = 
  CONFIG_COMMANDS = 
  $ ./config.status swig/Makefile depfiles

on pirlouit

config.status:1226: creating swig/Makefile
config.status:1455: executing depfiles commands

## ---------------------- ##
## Running config.status. ##
## ---------------------- ##

This file was extended by config.status, which was
generated by GNU Autoconf 2.68.  Invocation command line was

  CONFIG_FILES    = 
  CONFIG_HEADERS  = 
  CONFIG_LINKS    = 
  CONFIG_COMMANDS = 
  $ ./config.status python/Makefile

on pirlouit

config.status:1226: creating python/Makefile

## ---------------------- ##
## Running config.status. ##
## ---------------------- ##

This file was extended by config.status, which was
generated by GNU Autoconf 2.68.  Invocation command line was

  CONFIG_FILES    = 
  CONFIG_HEADERS  = 
  CONFIG_LINKS    = 
  CONFIG_COMMANDS = 
  $ ./config.status grc/Makefile

on pirlouit

config.status:1226: creating grc/Makefile

## ---------------------- ##
## Running config.status. ##
## ---------------------- ##

This file was extended by config.status, which was
generated by GNU Autoconf 2.68.  Invocation command line was

  CONFIG_FILES    = 
  CONFIG_HEADERS  = 
  CONFIG_LINKS    = 
  CONFIG_COMMANDS = 
  $ ./config.status apps/Makefile

on pirlouit

config.status:1226: creating apps/Makefile

## ---------------------- ##
## Running config.status. ##
## ---------------------- ##

This file was extended by config.status, which was
generated by GNU Autoconf 2.68.  Invocation command line was

  CONFIG_FILES    = 
  CONFIG_HEADERS  = 
  CONFIG_LINKS    = 
  CONFIG_COMMANDS = 
  $ ./config.status Makefile

on pirlouit

config.status:1226: creating Makefile

## ---------------------- ##
## Running config.status. ##
## ---------------------- ##

This file was extended by config.status, which was
generated by GNU Autoconf 2.68.  Invocation command line was

  CONFIG_FILES    = 
  CONFIG_HEADERS  = 
  CONFIG_LINKS    = 
  CONFIG_COMMANDS = 
  $ ./config.status lib/Makefile depfiles

on pirlouit

config.status:1226: creating lib/Makefile
config.status:1455: executing depfiles commands

## ---------------------- ##
## Running config.status. ##
## ---------------------- ##

This file was extended by config.status, which was
generated by GNU Autoconf 2.68.  Invocation command line was

  CONFIG_FILES    = 
  CONFIG_HEADERS  = 
  CONFIG_LINKS    = 
  CONFIG_COMMANDS = 
  $ ./config.status config/Makefile

on pirlouit

config.status:1226: creating config/Makefile

## ---------------------- ##
## Running config.status. ##
## ---------------------- ##

This file was extended by config.status, which was
generated by GNU Autoconf 2.68.  Invocation command line was

  CONFIG_FILES    = 
  CONFIG_HEADERS  = 
  CONFIG_LINKS    = 
  CONFIG_COMMANDS = 
  $ ./config.status 

on mediacenter

config.status:1226: creating Makefile
config.status:1226: creating apps/Makefile
config.status:1226: creating config/Makefile
config.status:1226: creating grc/Makefile
config.status:1226: creating lib/Makefile
config.status:1226: creating python/Makefile
config.status:1226: creating python/run_tests
config.status:1226: creating swig/Makefile
config.status:1226: creating config.h
config.status:1407: config.h is unchanged
config.status:1455: executing depfiles commands
config.status:1455: executing libtool commands
config.status:1455: executing run_tests commands

## ---------------------- ##
## Running config.status. ##
## ---------------------- ##

This file was extended by config.status, which was
generated by GNU Autoconf 2.68.  Invocation command line was

  CONFIG_FILES    = 
  CONFIG_HEADERS  = 
  CONFIG_LINKS    = 
  CONFIG_COMMANDS = 
  $ ./config.status swig/Makefile depfiles

on mediacenter

config.status:1226: creating swig/Makefile
config.status:1455: executing depfiles commands
